[2021-12-22 15:08:31] local.ERROR: Undefined constant "asset" (View: C:\Users\ExPLoSi0nZ\Documents\Binus\Project_WebProg_LEC\SeneKuy\resources\views\master.blade.php) {"view":{"view":"C:\\Users\\ExPLoSi0nZ\\Documents\\Binus\\Project_WebProg_LEC\\SeneKuy\esources\\views/master.blade.php","data":{"errors":"<pre class=sf-dump id=sf-dump-1294930613 data-indent-pad=\"  \"><span class=sf-dump-note>Illuminate\\Support\\ViewErrorBag</span> {<a class=sf-dump-ref>#281</a><samp data-depth=1 class=sf-dump-expanded>
  #<span class=sf-dump-protected title=\"Protected property\">bags</span>: []
</samp>}
</pre><script>Sfdump(\"sf-dump-1294930613\", {\"maxDepth\":3,\"maxStringLength\":160})</script>
"}},"exception":"[object] (Facade\\Ignition\\Exceptions\\ViewException(code: 0): Undefined constant \"asset\" (View: C:\\Users\\ExPLoSi0nZ\\Documents\\Binus\\Project_WebProg_LEC\\SeneKuy\esources\\views\\master.blade.php) at C:\\Users\\ExPLoSi0nZ\\Documents\\Binus\\Project_WebProg_LEC\\SeneKuy\esources\\views/master.blade.php:10)
[stacktrace]
#0 C:\\Users\\ExPLoSi0nZ\\Documents\\Binus\\Project_WebProg_LEC\\SeneKuy\\vendor\\laravel\\framework\\src\\Illuminate\\Filesystem\\Filesystem.php(107): require()
#1 C:\\Users\\ExPLoSi0nZ\\Documents\\Binus\\Project_WebProg_LEC\\SeneKuy\\vendor\\laravel\\framework\\src\\Illuminate\\Filesystem\\Filesystem.php(108): Illuminate\\Filesystem\\Filesystem::Illuminate\\Filesystem\\{closure}()
#2 C:\\Users\\ExPLoSi0nZ\\Documents\\Binus\\Project_WebProg_LEC\\SeneKuy\\vendor\\laravel\\framework\\src\\Illuminate\\View\\Engines\\PhpEngine.php(58): Illuminate\\Filesystem\\Filesystem->getRequire('C:\\\\Users\\\\ExPLoS...', Array)
#3 C:\\Users\\ExPLoSi0nZ\\Documents\\Binus\\Project_WebProg_LEC\\SeneKuy\\vendor\\laravel\\framework\\src\\Illuminate\\View\\Engines\\CompilerEngine.php(61): Illuminate\\View\\Engines\\PhpEngine->evaluatePath('C:\\\\Users\\\\ExPLoS...', Array)
#4 C:\\Users\\ExPLoSi0nZ\\Documents\\Binus\\Project_WebProg_LEC\\SeneKuy\\vendor\\facade\\ignition\\src\\Views\\Engines\\CompilerEngine.php(37): Illuminate\\View\\Engines\\CompilerEngine->get('C:\\\\Users\\\\ExPLoS...', Array)
#5 C:\\Users\\ExPLoSi0nZ\\Documents\\Binus\\Project_WebProg_LEC\\SeneKuy\\vendor\\laravel\\framework\\src\\Illuminate\\View\\View.php(139): Facade\\Ignition\\Views\\Engines\\CompilerEngine->get('C:\\\\Users\\\\ExPLoS...', Array)
#6 C:\\Users\\ExPLoSi0nZ\\Documents\\Binus\\Project_WebProg_LEC\\SeneKuy\\vendor\\laravel\\framework\\src\\Illuminate\\View\\View.php(122): Illuminate\\View\\View->getContents()
#7 C:\\Users\\ExPLoSi0nZ\\Documents\\Binus\\Project_WebProg_LEC\\SeneKuy\\vendor\\laravel\\framework\\src\\Illuminate\\View\\View.php(91): Illuminate\\View\\View->renderContents()
#8 C:\\Users\\ExPLoSi0nZ\\Documents\\Binus\\Project_WebProg_LEC\\SeneKuy\esources\\views/login.blade.php(40): Illuminate\\View\\View->render()
#9 C:\\Users\\ExPLoSi0nZ\\Documents\\Binus\\Project_WebProg_LEC\\SeneKuy\\vendor\\laravel\\framework\\src\\Illuminate\\Filesystem\\Filesystem.php(107): require('C:\\\\Users\\\\ExPLoS...')
#10 C:\\Users\\ExPLoSi0nZ\\Documents\\Binus\\Project_WebProg_LEC\\SeneKuy\\vendor\\laravel\\framework\\src\\Illuminate\\Filesystem\\Filesystem.php(108): Illuminate\\Filesystem\\Filesystem::Illuminate\\Filesystem\\{closure}()
#11 C:\\Users\\ExPLoSi0nZ\\Documents\\Binus\\Project_WebProg_LEC\\SeneKuy\\vendor\\laravel\\framework\\src\\Illuminate\\View\\Engines\\PhpEngine.php(58): Illuminate\\Filesystem\\Filesystem->getRequire('C:\\\\Users\\\\ExPLoS...', Array)
#12 C:\\Users\\ExPLoSi0nZ\\Documents\\Binus\\Project_WebProg_LEC\\SeneKuy\\vendor\\laravel\\framework\\src\\Illuminate\\View\\Engines\\CompilerEngine.php(61): Illuminate\\View\\Engines\\PhpEngine->evaluatePath('C:\\\\Users\\\\ExPLoS...', Array)
#13 C:\\Users\\ExPLoSi0nZ\\Documents\\Binus\\Project_WebProg_LEC\\SeneKuy\\vendor\\facade\\ignition\\src\\Views\\Engines\\CompilerEngine.php(37): Illuminate\\View\\Engines\\CompilerEngine->get('C:\\\\Users\\\\ExPLoS...', Array)
#14 C:\\Users\\ExPLoSi0nZ\\Documents\\Binus\\Project_WebProg_LEC\\SeneKuy\\vendor\\laravel\\framework\\src\\Illuminate\\View\\View.php(139): Facade\\Ignition\\Views\\Engines\\CompilerEngine->get('C:\\\\Users\\\\ExPLoS...', Array)
#15 C:\\Users\\ExPLoSi0nZ\\Documents\\Binus\\Project_WebProg_LEC\\SeneKuy\\vendor\\laravel\\framework\\src\\Illuminate\\View\\View.php(122): Illuminate\\View\\View->getContents()
#16 C:\\Users\\ExPLoSi0nZ\\Documents\\Binus\\Project_WebProg_LEC\\SeneKuy\\vendor\\laravel\\framework\\src\\Illuminate\\View\\View.php(91): Illuminate\\View\\View->renderContents()
#17 C:\\Users\\ExPLoSi0nZ\\Documents\\Binus\\Project_WebProg_LEC\\SeneKuy\\vendor\\laravel\\framework\\src\\Illuminate\\Http\\Response.php(69): Illuminate\\View\\View->render()
#18 C:\\Users\\ExPLoSi0nZ\\Documents\\Binus\\Project_WebProg_LEC\\SeneKuy\\vendor\\laravel\\framework\\src\\Illuminate\\Http\\Response.php(35): Illuminate\\Http\\Response->setContent(Object(Illuminate\\View\\View))
#19 C:\\Users\\ExPLoSi0nZ\\Documents\\Binus\\Project_WebProg_LEC\\SeneKuy\\vendor\\laravel\\framework\\src\\Illuminate\\Routing\\Router.php(794): Illuminate\\Http\\Response->__construct(Object(Illuminate\\View\\View), 200, Array)
#20 C:\\Users\\ExPLoSi0nZ\\Documents\\Binus\\Project_WebProg_LEC\\SeneKuy\\vendor\\laravel\\framework\\src\\Illuminate\\Routing\\Router.php(763): Illuminate\\Routing\\Router::toResponse(Object(Illuminate\\Http\\Request), Object(Illuminate\\View\\View))
#21 C:\\Users\\ExPLoSi0nZ\\Documents\\Binus\\Project_WebProg_LEC\\SeneKuy\\vendor\\laravel\\framework\\src\\Illuminate\\Routing\\Router.php(695): Illuminate\\Routing\\Router->prepareResponse(Object(Illuminate\\Http\\Request), Object(Illuminate\\View\\View))
#22 C:\\Users\\ExPLoSi0nZ\\Documents\\Binus\\Project_WebProg_LEC\\SeneKuy\\vendor\\laravel\\framework\\src\\Illuminate\\Pipeline\\Pipeline.php(128): Illuminate\\Routing\\Router->Illuminate\\Routing\\{closure}(Object(Illuminate\\Http\\Request))
#23 C:\\Users\\ExPLoSi0nZ\\Documents\\Binus\\Project_WebProg_LEC\\SeneKuy\\vendor\\laravel\\framework\\src\\Illuminate\\Routing\\Middleware\\SubstituteBindings.php(50): Illuminate\\Pipeline\\Pipeline->Illuminate\\Pipeline\\{closure}(Object(Illuminate\\Http\\Request))
#24 C:\\Users\\ExPLoSi0nZ\\Documents\\Binus\\Project_WebProg_LEC\\SeneKuy\\vendor\\laravel\\framework\\src\\Illuminate\\Pipeline\\Pipeline.php(167): Illuminate\\Routing\\Middleware\\SubstituteBindings->handle(Object(Illuminate\\Http\\Request), Object(Closure))
#25 C:\\Users\\ExPLoSi0nZ\\Documents\\Binus\\Project_WebProg_LEC\\SeneKuy\\vendor\\laravel\\framework\\src\\Illuminate\\Foundation\\Http\\Middleware\\VerifyCsrfToken.php(78): Illuminate\\Pipeline\\Pipeline->Illuminate\\Pipeline\\{closure}(Object(Illuminate\\Http\\Request))
#26 C:\\Users\\ExPLoSi0nZ\\Documents\\Binus\\Project_WebProg_LEC\\SeneKuy\\vendor\\laravel\\framework\\src\\Illuminate\\Pipeline\\Pipeline.php(167): Illuminate\\Foundation\\Http\\Middleware\\VerifyCsrfToken->handle(Object(Illuminate\\Http\\Request), Object(Closure))
#27 C:\\Users\\ExPLoSi0nZ\\Documents\\Binus\\Project_WebProg_LEC\\SeneKuy\\vendor\\laravel\\framework\\src\\Illuminate\\View\\Middleware\\ShareErrorsFromSession.php(49): Illuminate\\Pipeline\\Pipeline->Illuminate\\Pipeline\\{closure}(Object(Illuminate\\Http\\Request))
#28 C:\\Users\\ExPLoSi0nZ\\Documents\\Binus\\Project_WebProg_LEC\\SeneKuy\\vendor\\laravel\\framework\\src\\Illuminate\\Pipeline\\Pipeline.php(167): Illuminate\\View\\Middleware\\ShareErrorsFromSession->handle(Object(Illuminate\\Http\\Request), Object(Closure))
#29 C:\\Users\\ExPLoSi0nZ\\Documents\\Binus\\Project_WebProg_LEC\\SeneKuy\\vendor\\laravel\\framework\\src\\Illuminate\\Session\\Middleware\\StartSession.php(121): Illuminate\\Pipeline\\Pipeline->Illuminate\\Pipeline\\{closure}(Object(Illuminate\\Http\\Request))
#30 C:\\Users\\ExPLoSi0nZ\\Documents\\Binus\\Project_WebProg_LEC\\SeneKuy\\vendor\\laravel\\framework\\src\\Illuminate\\Session\\Middleware\\StartSession.php(64): Illuminate\\Session\\Middleware\\StartSession->handleStatefulRequest(Object(Illuminate\\Http\\Request), Object(Illuminate\\Session\\Store), Object(Closure))
#31 C:\\Users\\ExPLoSi0nZ\\Documents\\Binus\\Project_WebProg_LEC\\SeneKuy\\vendor\\laravel\\framework\\src\\Illuminate\\Pipeline\\Pipeline.php(167): Illuminate\\Session\\Middleware\\StartSession->handle(Object(Illuminate\\Http\\Request), Object(Closure))
#32 C:\\Users\\ExPLoSi0nZ\\Documents\\Binus\\Project_WebProg_LEC\\SeneKuy\\vendor\\laravel\\framework\\src\\Illuminate\\Cookie\\Middleware\\AddQueuedCookiesToResponse.php(37): Illuminate\\Pipeline\\Pipeline->Illuminate\\Pipeline\\{closure}(Object(Illuminate\\Http\\Request))
#33 C:\\Users\\ExPLoSi0nZ\\Documents\\Binus\\Project_WebProg_LEC\\SeneKuy\\vendor\\laravel\\framework\\src\\Illuminate\\Pipeline\\Pipeline.php(167): Illuminate\\Cookie\\Middleware\\AddQueuedCookiesToResponse->handle(Object(Illuminate\\Http\\Request), Object(Closure))
#34 C:\\Users\\ExPLoSi0nZ\\Documents\\Binus\\Project_WebProg_LEC\\SeneKuy\\vendor\\laravel\\framework\\src\\Illuminate\\Cookie\\Middleware\\EncryptCookies.php(67): Illuminate\\Pipeline\\Pipeline->Illuminate\\Pipeline\\{closure}(Object(Illuminate\\Http\\Request))
#35 C:\\Users\\ExPLoSi0nZ\\Documents\\Binus\\Project_WebProg_LEC\\SeneKuy\\vendor\\laravel\\framework\\src\\Illuminate\\Pipeline\\Pipeline.php(167): Illuminate\\Cookie\\Middleware\\EncryptCookies->handle(Object(Illuminate\\Http\\Request), Object(Closure))
#36 C:\\Users\\ExPLoSi0nZ\\Documents\\Binus\\Project_WebProg_LEC\\SeneKuy\\vendor\\laravel\\framework\\src\\Illuminate\\Pipeline\\Pipeline.php(103): Illuminate\\Pipeline\\Pipeline->Illuminate\\Pipeline\\{closure}(Object(Illuminate\\Http\\Request))
#37 C:\\Users\\ExPLoSi0nZ\\Documents\\Binus\\Project_WebProg_LEC\\SeneKuy\\vendor\\laravel\\framework\\src\\Illuminate\\Routing\\Router.php(697): Illuminate\\Pipeline\\Pipeline->then(Object(Closure))
#38 C:\\Users\\ExPLoSi0nZ\\Documents\\Binus\\Project_WebProg_LEC\\SeneKuy\\vendor\\laravel\\framework\\src\\Illuminate\\Routing\\Router.php(672): Illuminate\\Routing\\Router->runRouteWithinStack(Object(Illuminate\\Routing\\Route), Object(Illuminate\\Http\\Request))
#39 C:\\Users\\ExPLoSi0nZ\\Documents\\Binus\\Project_WebProg_LEC\\SeneKuy\\vendor\\laravel\\framework\\src\\Illuminate\\Routing\\Router.php(636): Illuminate\\Routing\\Router->runRoute(Object(Illuminate\\Http\\Request), Object(Illuminate\\Routing\\Route))
#40 C:\\Users\\ExPLoSi0nZ\\Documents\\Binus\\Project_WebProg_LEC\\SeneKuy\\vendor\\laravel\\framework\\src\\Illuminate\\Routing\\Router.php(625): Illuminate\\Routing\\Router->dispatchToRoute(Object(Illuminate\\Http\\Request))
#41 C:\\Users\\ExPLoSi0nZ\\Documents\\Binus\\Project_WebProg_LEC\\SeneKuy\\vendor\\laravel\\framework\\src\\Illuminate\\Foundation\\Http\\Kernel.php(167): Illuminate\\Routing\\Router->dispatch(Object(Illuminate\\Http\\Request))
#42 C:\\Users\\ExPLoSi0nZ\\Documents\\Binus\\Project_WebProg_LEC\\SeneKuy\\vendor\\laravel\\framework\\src\\Illuminate\\Pipeline\\Pipeline.php(128): Illuminate\\Foundation\\Http\\Kernel->Illuminate\\Foundation\\Http\\{closure}(Object(Illuminate\\Http\\Request))
#43 C:\\Users\\ExPLoSi0nZ\\Documents\\Binus\\Project_WebProg_LEC\\SeneKuy\\vendor\\laravel\\framework\\src\\Illuminate\\Foundation\\Http\\Middleware\\TransformsRequest.php(21): Illuminate\\Pipeline\\Pipeline->Illuminate\\Pipeline\\{closure}(Object(Illuminate\\Http\\Request))
#44 C:\\Users\\ExPLoSi0nZ\\Documents\\Binus\\Project_WebProg_LEC\\SeneKuy\\vendor\\laravel\\framework\\src\\Illuminate\\Foundation\\Http\\Middleware\\ConvertEmptyStringsToNull.php(31): Illuminate\\Foundation\\Http\\Middleware\\TransformsRequest->handle(Object(Illuminate\\Http\\Request), Object(Closure))
#45 C:\\Users\\ExPLoSi0nZ\\Documents\\Binus\\Project_WebProg_LEC\\SeneKuy\\vendor\\laravel\\framework\\src\\Illuminate\\Pipeline\\Pipeline.php(167): Illuminate\\Foundation\\Http\\Middleware\\ConvertEmptyStringsToNull->handle(Object(Illuminate\\Http\\Request), Object(Closure))
#46 C:\\Users\\ExPLoSi0nZ\\Documents\\Binus\\Project_WebProg_LEC\\SeneKuy\\vendor\\laravel\\framework\\src\\Illuminate\\Foundation\\Http\\Middleware\\TransformsRequest.php(21): Illuminate\\Pipeline\\Pipeline->Illuminate\\Pipeline\\{closure}(Object(Illuminate\\Http\\Request))
#47 C:\\Users\\ExPLoSi0nZ\\Documents\\Binus\\Project_WebProg_LEC\\SeneKuy\\vendor\\laravel\\framework\\src\\Illuminate\\Foundation\\Http\\Middleware\\TrimStrings.php(40): Illuminate\\Foundation\\Http\\Middleware\\TransformsRequest->handle(Object(Illuminate\\Http\\Request), Object(Closure))
#48 C:\\Users\\ExPLoSi0nZ\\Documents\\Binus\\Project_WebProg_LEC\\SeneKuy\\vendor\\laravel\\framework\\src\\Illuminate\\Pipeline\\Pipeline.php(167): Illuminate\\Foundation\\Http\\Middleware\\TrimStrings->handle(Object(Illuminate\\Http\\Request), Object(Closure))
#49 C:\\Users\\ExPLoSi0nZ\\Documents\\Binus\\Project_WebProg_LEC\\SeneKuy\\vendor\\laravel\\framework\\src\\Illuminate\\Foundation\\Http\\Middleware\\ValidatePostSize.php(27): Illuminate\\Pipeline\\Pipeline->Illuminate\\Pipeline\\{closure}(Object(Illuminate\\Http\\Request))
#50 C:\\Users\\ExPLoSi0nZ\\Documents\\Binus\\Project_WebProg_LEC\\SeneKuy\\vendor\\laravel\\framework\\src\\Illuminate\\Pipeline\\Pipeline.php(167): Illuminate\\Foundation\\Http\\Middleware\\ValidatePostSize->handle(Object(Illuminate\\Http\\Request), Object(Closure))
#51 C:\\Users\\ExPLoSi0nZ\\Documents\\Binus\\Project_WebProg_LEC\\SeneKuy\\vendor\\laravel\\framework\\src\\Illuminate\\Foundation\\Http\\Middleware\\PreventRequestsDuringMaintenance.php(86): Illuminate\\Pipeline\\Pipeline->Illuminate\\Pipeline\\{closure}(Object(Illuminate\\Http\\Request))
#52 C:\\Users\\ExPLoSi0nZ\\Documents\\Binus\\Project_WebProg_LEC\\SeneKuy\\vendor\\laravel\\framework\\src\\Illuminate\\Pipeline\\Pipeline.php(167): Illuminate\\Foundation\\Http\\Middleware\\PreventRequestsDuringMaintenance->handle(Object(Illuminate\\Http\\Request), Object(Closure))
#53 C:\\Users\\ExPLoSi0nZ\\Documents\\Binus\\Project_WebProg_LEC\\SeneKuy\\vendor\\fruitcake\\laravel-cors\\src\\HandleCors.php(38): Illuminate\\Pipeline\\Pipeline->Illuminate\\Pipeline\\{closure}(Object(Illuminate\\Http\\Request))
#54 C:\\Users\\ExPLoSi0nZ\\Documents\\Binus\\Project_WebProg_LEC\\SeneKuy\\vendor\\laravel\\framework\\src\\Illuminate\\Pipeline\\Pipeline.php(167): Fruitcake\\Cors\\HandleCors->handle(Object(Illuminate\\Http\\Request), Object(Closure))
#55 C:\\Users\\ExPLoSi0nZ\\Documents\\Binus\\Project_WebProg_LEC\\SeneKuy\\vendor\\laravel\\framework\\src\\Illuminate\\Http\\Middleware\\TrustProxies.php(39): Illuminate\\Pipeline\\Pipeline->Illuminate\\Pipeline\\{closure}(Object(Illuminate\\Http\\Request))
#56 C:\\Users\\ExPLoSi0nZ\\Documents\\Binus\\Project_WebProg_LEC\\SeneKuy\\vendor\\laravel\\framework\\src\\Illuminate\\Pipeline\\Pipeline.php(167): Illuminate\\Http\\Middleware\\TrustProxies->handle(Object(Illuminate\\Http\\Request), Object(Closure))
#57 C:\\Users\\ExPLoSi0nZ\\Documents\\Binus\\Project_WebProg_LEC\\SeneKuy\\vendor\\laravel\\framework\\src\\Illuminate\\Pipeline\\Pipeline.php(103): Illuminate\\Pipeline\\Pipeline->Illuminate\\Pipeline\\{closure}(Object(Illuminate\\Http\\Request))
#58 C:\\Users\\ExPLoSi0nZ\\Documents\\Binus\\Project_WebProg_LEC\\SeneKuy\\vendor\\laravel\\framework\\src\\Illuminate\\Foundation\\Http\\Kernel.php(142): Illuminate\\Pipeline\\Pipeline->then(Object(Closure))
#59 C:\\Users\\ExPLoSi0nZ\\Documents\\Binus\\Project_WebProg_LEC\\SeneKuy\\vendor\\laravel\\framework\\src\\Illuminate\\Foundation\\Http\\Kernel.php(111): Illuminate\\Foundation\\Http\\Kernel->sendRequestThroughRouter(Object(Illuminate\\Http\\Request))
#60 C:\\Users\\ExPLoSi0nZ\\Documents\\Binus\\Project_WebProg_LEC\\SeneKuy\\public\\index.php(52): Illuminate\\Foundation\\Http\\Kernel->handle(Object(Illuminate\\Http\\Request))
#61 C:\\Users\\ExPLoSi0nZ\\Documents\\Binus\\Project_WebProg_LEC\\SeneKuy\\server.php(21): require_once('C:\\\\Users\\\\ExPLoS...')
#62 {main}

[previous exception] [object] (Error(code: 0): Undefined constant \"asset\" at C:\\Users\\ExPLoSi0nZ\\Documents\\Binus\\Project_WebProg_LEC\\SeneKuy\\storage\\framework\\views\\ffe1f057eec213bc24d204cc3d9d779d1bba851b.php:10)
[stacktrace]
#0 C:\\Users\\ExPLoSi0nZ\\Documents\\Binus\\Project_WebProg_LEC\\SeneKuy\\vendor\\laravel\\framework\\src\\Illuminate\\Filesystem\\Filesystem.php(107): require()
#1 C:\\Users\\ExPLoSi0nZ\\Documents\\Binus\\Project_WebProg_LEC\\SeneKuy\\vendor\\laravel\\framework\\src\\Illuminate\\Filesystem\\Filesystem.php(108): Illuminate\\Filesystem\\Filesystem::Illuminate\\Filesystem\\{closure}()
#2 C:\\Users\\ExPLoSi0nZ\\Documents\\Binus\\Project_WebProg_LEC\\SeneKuy\\vendor\\laravel\\framework\\src\\Illuminate\\View\\Engines\\PhpEngine.php(58): Illuminate\\Filesystem\\Filesystem->getRequire('C:\\\\Users\\\\ExPLoS...', Array)
#3 C:\\Users\\ExPLoSi0nZ\\Documents\\Binus\\Project_WebProg_LEC\\SeneKuy\\vendor\\laravel\\framework\\src\\Illuminate\\View\\Engines\\CompilerEngine.php(61): Illuminate\\View\\Engines\\PhpEngine->evaluatePath('C:\\\\Users\\\\ExPLoS...', Array)
#4 C:\\Users\\ExPLoSi0nZ\\Documents\\Binus\\Project_WebProg_LEC\\SeneKuy\\vendor\\facade\\ignition\\src\\Views\\Engines\\CompilerEngine.php(37): Illuminate\\View\\Engines\\CompilerEngine->get('C:\\\\Users\\\\ExPLoS...', Array)
#5 C:\\Users\\ExPLoSi0nZ\\Documents\\Binus\\Project_WebProg_LEC\\SeneKuy\\vendor\\laravel\\framework\\src\\Illuminate\\View\\View.php(139): Facade\\Ignition\\Views\\Engines\\CompilerEngine->get('C:\\\\Users\\\\ExPLoS...', Array)
#6 C:\\Users\\ExPLoSi0nZ\\Documents\\Binus\\Project_WebProg_LEC\\SeneKuy\\vendor\\laravel\\framework\\src\\Illuminate\\View\\View.php(122): Illuminate\\View\\View->getContents()
#7 C:\\Users\\ExPLoSi0nZ\\Documents\\Binus\\Project_WebProg_LEC\\SeneKuy\\vendor\\laravel\\framework\\src\\Illuminate\\View\\View.php(91): Illuminate\\View\\View->renderContents()
#8 C:\\Users\\ExPLoSi0nZ\\Documents\\Binus\\Project_WebProg_LEC\\SeneKuy\\storage\\framework\\views\\6e54f67772d96c8633ed73092d92b43d9ae20c16.php(40): Illuminate\\View\\View->render()
#9 C:\\Users\\ExPLoSi0nZ\\Documents\\Binus\\Project_WebProg_LEC\\SeneKuy\\vendor\\laravel\\framework\\src\\Illuminate\\Filesystem\\Filesystem.php(107): require('C:\\\\Users\\\\ExPLoS...')
#10 C:\\Users\\ExPLoSi0nZ\\Documents\\Binus\\Project_WebProg_LEC\\SeneKuy\\vendor\\laravel\\framework\\src\\Illuminate\\Filesystem\\Filesystem.php(108): Illuminate\\Filesystem\\Filesystem::Illuminate\\Filesystem\\{closure}()
#11 C:\\Users\\ExPLoSi0nZ\\Documents\\Binus\\Project_WebProg_LEC\\SeneKuy\\vendor\\laravel\\framework\\src\\Illuminate\\View\\Engines\\PhpEngine.php(58): Illuminate\\Filesystem\\Filesystem->getRequire('C:\\\\Users\\\\ExPLoS...', Array)
#12 C:\\Users\\ExPLoSi0nZ\\Documents\\Binus\\Project_WebProg_LEC\\SeneKuy\\vendor\\laravel\\framework\\src\\Illuminate\\View\\Engines\\CompilerEngine.php(61): Illuminate\\View\\Engines\\PhpEngine->evaluatePath('C:\\\\Users\\\\ExPLoS...', Array)
#13 C:\\Users\\ExPLoSi0nZ\\Documents\\Binus\\Project_WebProg_LEC\\SeneKuy\\vendor\\facade\\ignition\\src\\Views\\Engines\\CompilerEngine.php(37): Illuminate\\View\\Engines\\CompilerEngine->get('C:\\\\Users\\\\ExPLoS...', Array)
#14 C:\\Users\\ExPLoSi0nZ\\Documents\\Binus\\Project_WebProg_LEC\\SeneKuy\\vendor\\laravel\\framework\\src\\Illuminate\\View\\View.php(139): Facade\\Ignition\\Views\\Engines\\CompilerEngine->get('C:\\\\Users\\\\ExPLoS...', Array)
#15 C:\\Users\\ExPLoSi0nZ\\Documents\\Binus\\Project_WebProg_LEC\\SeneKuy\\vendor\\laravel\\framework\\src\\Illuminate\\View\\View.php(122): Illuminate\\View\\View->getContents()
#16 C:\\Users\\ExPLoSi0nZ\\Documents\\Binus\\Project_WebProg_LEC\\SeneKuy\\vendor\\laravel\\framework\\src\\Illuminate\\View\\View.php(91): Illuminate\\View\\View->renderContents()
#17 C:\\Users\\ExPLoSi0nZ\\Documents\\Binus\\Project_WebProg_LEC\\SeneKuy\\vendor\\laravel\\framework\\src\\Illuminate\\Http\\Response.php(69): Illuminate\\View\\View->render()
#18 C:\\Users\\ExPLoSi0nZ\\Documents\\Binus\\Project_WebProg_LEC\\SeneKuy\\vendor\\laravel\\framework\\src\\Illuminate\\Http\\Response.php(35): Illuminate\\Http\\Response->setContent(Object(Illuminate\\View\\View))
#19 C:\\Users\\ExPLoSi0nZ\\Documents\\Binus\\Project_WebProg_LEC\\SeneKuy\\vendor\\laravel\\framework\\src\\Illuminate\\Routing\\Router.php(794): Illuminate\\Http\\Response->__construct(Object(Illuminate\\View\\View), 200, Array)
#20 C:\\Users\\ExPLoSi0nZ\\Documents\\Binus\\Project_WebProg_LEC\\SeneKuy\\vendor\\laravel\\framework\\src\\Illuminate\\Routing\\Router.php(763): Illuminate\\Routing\\Router::toResponse(Object(Illuminate\\Http\\Request), Object(Illuminate\\View\\View))
#21 C:\\Users\\ExPLoSi0nZ\\Documents\\Binus\\Project_WebProg_LEC\\SeneKuy\\vendor\\laravel\\framework\\src\\Illuminate\\Routing\\Router.php(695): Illuminate\\Routing\\Router->prepareResponse(Object(Illuminate\\Http\\Request), Object(Illuminate\\View\\View))
#22 C:\\Users\\ExPLoSi0nZ\\Documents\\Binus\\Project_WebProg_LEC\\SeneKuy\\vendor\\laravel\\framework\\src\\Illuminate\\Pipeline\\Pipeline.php(128): Illuminate\\Routing\\Router->Illuminate\\Routing\\{closure}(Object(Illuminate\\Http\\Request))
#23 C:\\Users\\ExPLoSi0nZ\\Documents\\Binus\\Project_WebProg_LEC\\SeneKuy\\vendor\\laravel\\framework\\src\\Illuminate\\Routing\\Middleware\\SubstituteBindings.php(50): Illuminate\\Pipeline\\Pipeline->Illuminate\\Pipeline\\{closure}(Object(Illuminate\\Http\\Request))
#24 C:\\Users\\ExPLoSi0nZ\\Documents\\Binus\\Project_WebProg_LEC\\SeneKuy\\vendor\\laravel\\framework\\src\\Illuminate\\Pipeline\\Pipeline.php(167): Illuminate\\Routing\\Middleware\\SubstituteBindings->handle(Object(Illuminate\\Http\\Request), Object(Closure))
#25 C:\\Users\\ExPLoSi0nZ\\Documents\\Binus\\Project_WebProg_LEC\\SeneKuy\\vendor\\laravel\\framework\\src\\Illuminate\\Foundation\\Http\\Middleware\\VerifyCsrfToken.php(78): Illuminate\\Pipeline\\Pipeline->Illuminate\\Pipeline\\{closure}(Object(Illuminate\\Http\\Request))
#26 C:\\Users\\ExPLoSi0nZ\\Documents\\Binus\\Project_WebProg_LEC\\SeneKuy\\vendor\\laravel\\framework\\src\\Illuminate\\Pipeline\\Pipeline.php(167): Illuminate\\Foundation\\Http\\Middleware\\VerifyCsrfToken->handle(Object(Illuminate\\Http\\Request), Object(Closure))
#27 C:\\Users\\ExPLoSi0nZ\\Documents\\Binus\\Project_WebProg_LEC\\SeneKuy\\vendor\\laravel\\framework\\src\\Illuminate\\View\\Middleware\\ShareErrorsFromSession.php(49): Illuminate\\Pipeline\\Pipeline->Illuminate\\Pipeline\\{closure}(Object(Illuminate\\Http\\Request))
#28 C:\\Users\\ExPLoSi0nZ\\Documents\\Binus\\Project_WebProg_LEC\\SeneKuy\\vendor\\laravel\\framework\\src\\Illuminate\\Pipeline\\Pipeline.php(167): Illuminate\\View\\Middleware\\ShareErrorsFromSession->handle(Object(Illuminate\\Http\\Request), Object(Closure))
#29 C:\\Users\\ExPLoSi0nZ\\Documents\\Binus\\Project_WebProg_LEC\\SeneKuy\\vendor\\laravel\\framework\\src\\Illuminate\\Session\\Middleware\\StartSession.php(121): Illuminate\\Pipeline\\Pipeline->Illuminate\\Pipeline\\{closure}(Object(Illuminate\\Http\\Request))
#30 C:\\Users\\ExPLoSi0nZ\\Documents\\Binus\\Project_WebProg_LEC\\SeneKuy\\vendor\\laravel\\framework\\src\\Illuminate\\Session\\Middleware\\StartSession.php(64): Illuminate\\Session\\Middleware\\StartSession->handleStatefulRequest(Object(Illuminate\\Http\\Request), Object(Illuminate\\Session\\Store), Object(Closure))
#31 C:\\Users\\ExPLoSi0nZ\\Documents\\Binus\\Project_WebProg_LEC\\SeneKuy\\vendor\\laravel\\framework\\src\\Illuminate\\Pipeline\\Pipeline.php(167): Illuminate\\Session\\Middleware\\StartSession->handle(Object(Illuminate\\Http\\Request), Object(Closure))
#32 C:\\Users\\ExPLoSi0nZ\\Documents\\Binus\\Project_WebProg_LEC\\SeneKuy\\vendor\\laravel\\framework\\src\\Illuminate\\Cookie\\Middleware\\AddQueuedCookiesToResponse.php(37): Illuminate\\Pipeline\\Pipeline->Illuminate\\Pipeline\\{closure}(Object(Illuminate\\Http\\Request))
#33 C:\\Users\\ExPLoSi0nZ\\Documents\\Binus\\Project_WebProg_LEC\\SeneKuy\\vendor\\laravel\\framework\\src\\Illuminate\\Pipeline\\Pipeline.php(167): Illuminate\\Cookie\\Middleware\\AddQueuedCookiesToResponse->handle(Object(Illuminate\\Http\\Request), Object(Closure))
#34 C:\\Users\\ExPLoSi0nZ\\Documents\\Binus\\Project_WebProg_LEC\\SeneKuy\\vendor\\laravel\\framework\\src\\Illuminate\\Cookie\\Middleware\\EncryptCookies.php(67): Illuminate\\Pipeline\\Pipeline->Illuminate\\Pipeline\\{closure}(Object(Illuminate\\Http\\Request))
#35 C:\\Users\\ExPLoSi0nZ\\Documents\\Binus\\Project_WebProg_LEC\\SeneKuy\\vendor\\laravel\\framework\\src\\Illuminate\\Pipeline\\Pipeline.php(167): Illuminate\\Cookie\\Middleware\\EncryptCookies->handle(Object(Illuminate\\Http\\Request), Object(Closure))
#36 C:\\Users\\ExPLoSi0nZ\\Documents\\Binus\\Project_WebProg_LEC\\SeneKuy\\vendor\\laravel\\framework\\src\\Illuminate\\Pipeline\\Pipeline.php(103): Illuminate\\Pipeline\\Pipeline->Illuminate\\Pipeline\\{closure}(Object(Illuminate\\Http\\Request))
#37 C:\\Users\\ExPLoSi0nZ\\Documents\\Binus\\Project_WebProg_LEC\\SeneKuy\\vendor\\laravel\\framework\\src\\Illuminate\\Routing\\Router.php(697): Illuminate\\Pipeline\\Pipeline->then(Object(Closure))
#38 C:\\Users\\ExPLoSi0nZ\\Documents\\Binus\\Project_WebProg_LEC\\SeneKuy\\vendor\\laravel\\framework\\src\\Illuminate\\Routing\\Router.php(672): Illuminate\\Routing\\Router->runRouteWithinStack(Object(Illuminate\\Routing\\Route), Object(Illuminate\\Http\\Request))
#39 C:\\Users\\ExPLoSi0nZ\\Documents\\Binus\\Project_WebProg_LEC\\SeneKuy\\vendor\\laravel\\framework\\src\\Illuminate\\Routing\\Router.php(636): Illuminate\\Routing\\Router->runRoute(Object(Illuminate\\Http\\Request), Object(Illuminate\\Routing\\Route))
#40 C:\\Users\\ExPLoSi0nZ\\Documents\\Binus\\Project_WebProg_LEC\\SeneKuy\\vendor\\laravel\\framework\\src\\Illuminate\\Routing\\Router.php(625): Illuminate\\Routing\\Router->dispatchToRoute(Object(Illuminate\\Http\\Request))
#41 C:\\Users\\ExPLoSi0nZ\\Documents\\Binus\\Project_WebProg_LEC\\SeneKuy\\vendor\\laravel\\framework\\src\\Illuminate\\Foundation\\Http\\Kernel.php(167): Illuminate\\Routing\\Router->dispatch(Object(Illuminate\\Http\\Request))
#42 C:\\Users\\ExPLoSi0nZ\\Documents\\Binus\\Project_WebProg_LEC\\SeneKuy\\vendor\\laravel\\framework\\src\\Illuminate\\Pipeline\\Pipeline.php(128): Illuminate\\Foundation\\Http\\Kernel->Illuminate\\Foundation\\Http\\{closure}(Object(Illuminate\\Http\\Request))
#43 C:\\Users\\ExPLoSi0nZ\\Documents\\Binus\\Project_WebProg_LEC\\SeneKuy\\vendor\\laravel\\framework\\src\\Illuminate\\Foundation\\Http\\Middleware\\TransformsRequest.php(21): Illuminate\\Pipeline\\Pipeline->Illuminate\\Pipeline\\{closure}(Object(Illuminate\\Http\\Request))
#44 C:\\Users\\ExPLoSi0nZ\\Documents\\Binus\\Project_WebProg_LEC\\SeneKuy\\vendor\\laravel\\framework\\src\\Illuminate\\Foundation\\Http\\Middleware\\ConvertEmptyStringsToNull.php(31): Illuminate\\Foundation\\Http\\Middleware\\TransformsRequest->handle(Object(Illuminate\\Http\\Request), Object(Closure))
#45 C:\\Users\\ExPLoSi0nZ\\Documents\\Binus\\Project_WebProg_LEC\\SeneKuy\\vendor\\laravel\\framework\\src\\Illuminate\\Pipeline\\Pipeline.php(167): Illuminate\\Foundation\\Http\\Middleware\\ConvertEmptyStringsToNull->handle(Object(Illuminate\\Http\\Request), Object(Closure))
#46 C:\\Users\\ExPLoSi0nZ\\Documents\\Binus\\Project_WebProg_LEC\\SeneKuy\\vendor\\laravel\\framework\\src\\Illuminate\\Foundation\\Http\\Middleware\\TransformsRequest.php(21): Illuminate\\Pipeline\\Pipeline->Illuminate\\Pipeline\\{closure}(Object(Illuminate\\Http\\Request))
#47 C:\\Users\\ExPLoSi0nZ\\Documents\\Binus\\Project_WebProg_LEC\\SeneKuy\\vendor\\laravel\\framework\\src\\Illuminate\\Foundation\\Http\\Middleware\\TrimStrings.php(40): Illuminate\\Foundation\\Http\\Middleware\\TransformsRequest->handle(Object(Illuminate\\Http\\Request), Object(Closure))
#48 C:\\Users\\ExPLoSi0nZ\\Documents\\Binus\\Project_WebProg_LEC\\SeneKuy\\vendor\\laravel\\framework\\src\\Illuminate\\Pipeline\\Pipeline.php(167): Illuminate\\Foundation\\Http\\Middleware\\TrimStrings->handle(Object(Illuminate\\Http\\Request), Object(Closure))
#49 C:\\Users\\ExPLoSi0nZ\\Documents\\Binus\\Project_WebProg_LEC\\SeneKuy\\vendor\\laravel\\framework\\src\\Illuminate\\Foundation\\Http\\Middleware\\ValidatePostSize.php(27): Illuminate\\Pipeline\\Pipeline->Illuminate\\Pipeline\\{closure}(Object(Illuminate\\Http\\Request))
#50 C:\\Users\\ExPLoSi0nZ\\Documents\\Binus\\Project_WebProg_LEC\\SeneKuy\\vendor\\laravel\\framework\\src\\Illuminate\\Pipeline\\Pipeline.php(167): Illuminate\\Foundation\\Http\\Middleware\\ValidatePostSize->handle(Object(Illuminate\\Http\\Request), Object(Closure))
#51 C:\\Users\\ExPLoSi0nZ\\Documents\\Binus\\Project_WebProg_LEC\\SeneKuy\\vendor\\laravel\\framework\\src\\Illuminate\\Foundation\\Http\\Middleware\\PreventRequestsDuringMaintenance.php(86): Illuminate\\Pipeline\\Pipeline->Illuminate\\Pipeline\\{closure}(Object(Illuminate\\Http\\Request))
#52 C:\\Users\\ExPLoSi0nZ\\Documents\\Binus\\Project_WebProg_LEC\\SeneKuy\\vendor\\laravel\\framework\\src\\Illuminate\\Pipeline\\Pipeline.php(167): Illuminate\\Foundation\\Http\\Middleware\\PreventRequestsDuringMaintenance->handle(Object(Illuminate\\Http\\Request), Object(Closure))
#53 C:\\Users\\ExPLoSi0nZ\\Documents\\Binus\\Project_WebProg_LEC\\SeneKuy\\vendor\\fruitcake\\laravel-cors\\src\\HandleCors.php(38): Illuminate\\Pipeline\\Pipeline->Illuminate\\Pipeline\\{closure}(Object(Illuminate\\Http\\Request))
#54 C:\\Users\\ExPLoSi0nZ\\Documents\\Binus\\Project_WebProg_LEC\\SeneKuy\\vendor\\laravel\\framework\\src\\Illuminate\\Pipeline\\Pipeline.php(167): Fruitcake\\Cors\\HandleCors->handle(Object(Illuminate\\Http\\Request), Object(Closure))
#55 C:\\Users\\ExPLoSi0nZ\\Documents\\Binus\\Project_WebProg_LEC\\SeneKuy\\vendor\\laravel\\framework\\src\\Illuminate\\Http\\Middleware\\TrustProxies.php(39): Illuminate\\Pipeline\\Pipeline->Illuminate\\Pipeline\\{closure}(Object(Illuminate\\Http\\Request))
#56 C:\\Users\\ExPLoSi0nZ\\Documents\\Binus\\Project_WebProg_LEC\\SeneKuy\\vendor\\laravel\\framework\\src\\Illuminate\\Pipeline\\Pipeline.php(167): Illuminate\\Http\\Middleware\\TrustProxies->handle(Object(Illuminate\\Http\\Request), Object(Closure))
#57 C:\\Users\\ExPLoSi0nZ\\Documents\\Binus\\Project_WebProg_LEC\\SeneKuy\\vendor\\laravel\\framework\\src\\Illuminate\\Pipeline\\Pipeline.php(103): Illuminate\\Pipeline\\Pipeline->Illuminate\\Pipeline\\{closure}(Object(Illuminate\\Http\\Request))
#58 C:\\Users\\ExPLoSi0nZ\\Documents\\Binus\\Project_WebProg_LEC\\SeneKuy\\vendor\\laravel\\framework\\src\\Illuminate\\Foundation\\Http\\Kernel.php(142): Illuminate\\Pipeline\\Pipeline->then(Object(Closure))
#59 C:\\Users\\ExPLoSi0nZ\\Documents\\Binus\\Project_WebProg_LEC\\SeneKuy\\vendor\\laravel\\framework\\src\\Illuminate\\Foundation\\Http\\Kernel.php(111): Illuminate\\Foundation\\Http\\Kernel->sendRequestThroughRouter(Object(Illuminate\\Http\\Request))
#60 C:\\Users\\ExPLoSi0nZ\\Documents\\Binus\\Project_WebProg_LEC\\SeneKuy\\public\\index.php(52): Illuminate\\Foundation\\Http\\Kernel->handle(Object(Illuminate\\Http\\Request))
#61 C:\\Users\\ExPLoSi0nZ\\Documents\\Binus\\Project_WebProg_LEC\\SeneKuy\\server.php(21): require_once('C:\\\\Users\\\\ExPLoS...')
#62 {main}
"} 
[2021-12-22 15:08:32] local.ERROR: Undefined constant "asset" (View: C:\Users\ExPLoSi0nZ\Documents\Binus\Project_WebProg_LEC\SeneKuy\resources\views\master.blade.php) {"view":{"view":"C:\\Users\\ExPLoSi0nZ\\Documents\\Binus\\Project_WebProg_LEC\\SeneKuy\esources\\views/master.blade.php","data":{"errors":"<pre class=sf-dump id=sf-dump-465837749 data-indent-pad=\"  \"><span class=sf-dump-note>Illuminate\\Support\\ViewErrorBag</span> {<a class=sf-dump-ref>#281</a><samp data-depth=1 class=sf-dump-expanded>
  #<span class=sf-dump-protected title=\"Protected property\">bags</span>: []
</samp>}
</pre><script>Sfdump(\"sf-dump-465837749\", {\"maxDepth\":3,\"maxStringLength\":160})</script>
"}},"exception":"[object] (Facade\\Ignition\\Exceptions\\ViewException(code: 0): Undefined constant \"asset\" (View: C:\\Users\\ExPLoSi0nZ\\Documents\\Binus\\Project_WebProg_LEC\\SeneKuy\esources\\views\\master.blade.php) at C:\\Users\\ExPLoSi0nZ\\Documents\\Binus\\Project_WebProg_LEC\\SeneKuy\esources\\views/master.blade.php:10)
[stacktrace]
#0 C:\\Users\\ExPLoSi0nZ\\Documents\\Binus\\Project_WebProg_LEC\\SeneKuy\\vendor\\laravel\\framework\\src\\Illuminate\\Filesystem\\Filesystem.php(107): require()
#1 C:\\Users\\ExPLoSi0nZ\\Documents\\Binus\\Project_WebProg_LEC\\SeneKuy\\vendor\\laravel\\framework\\src\\Illuminate\\Filesystem\\Filesystem.php(108): Illuminate\\Filesystem\\Filesystem::Illuminate\\Filesystem\\{closure}()
#2 C:\\Users\\ExPLoSi0nZ\\Documents\\Binus\\Project_WebProg_LEC\\SeneKuy\\vendor\\laravel\\framework\\src\\Illuminate\\View\\Engines\\PhpEngine.php(58): Illuminate\\Filesystem\\Filesystem->getRequire('C:\\\\Users\\\\ExPLoS...', Array)
#3 C:\\Users\\ExPLoSi0nZ\\Documents\\Binus\\Project_WebProg_LEC\\SeneKuy\\vendor\\laravel\\framework\\src\\Illuminate\\View\\Engines\\CompilerEngine.php(61): Illuminate\\View\\Engines\\PhpEngine->evaluatePath('C:\\\\Users\\\\ExPLoS...', Array)
#4 C:\\Users\\ExPLoSi0nZ\\Documents\\Binus\\Project_WebProg_LEC\\SeneKuy\\vendor\\facade\\ignition\\src\\Views\\Engines\\CompilerEngine.php(37): Illuminate\\View\\Engines\\CompilerEngine->get('C:\\\\Users\\\\ExPLoS...', Array)
#5 C:\\Users\\ExPLoSi0nZ\\Documents\\Binus\\Project_WebProg_LEC\\SeneKuy\\vendor\\laravel\\framework\\src\\Illuminate\\View\\View.php(139): Facade\\Ignition\\Views\\Engines\\CompilerEngine->get('C:\\\\Users\\\\ExPLoS...', Array)
#6 C:\\Users\\ExPLoSi0nZ\\Documents\\Binus\\Project_WebProg_LEC\\SeneKuy\\vendor\\laravel\\framework\\src\\Illuminate\\View\\View.php(122): Illuminate\\View\\View->getContents()
#7 C:\\Users\\ExPLoSi0nZ\\Documents\\Binus\\Project_WebProg_LEC\\SeneKuy\\vendor\\laravel\\framework\\src\\Illuminate\\View\\View.php(91): Illuminate\\View\\View->renderContents()
#8 C:\\Users\\ExPLoSi0nZ\\Documents\\Binus\\Project_WebProg_LEC\\SeneKuy\esources\\views/login.blade.php(40): Illuminate\\View\\View->render()
#9 C:\\Users\\ExPLoSi0nZ\\Documents\\Binus\\Project_WebProg_LEC\\SeneKuy\\vendor\\laravel\\framework\\src\\Illuminate\\Filesystem\\Filesystem.php(107): require('C:\\\\Users\\\\ExPLoS...')
#10 C:\\Users\\ExPLoSi0nZ\\Documents\\Binus\\Project_WebProg_LEC\\SeneKuy\\vendor\\laravel\\framework\\src\\Illuminate\\Filesystem\\Filesystem.php(108): Illuminate\\Filesystem\\Filesystem::Illuminate\\Filesystem\\{closure}()
#11 C:\\Users\\ExPLoSi0nZ\\Documents\\Binus\\Project_WebProg_LEC\\SeneKuy\\vendor\\laravel\\framework\\src\\Illuminate\\View\\Engines\\PhpEngine.php(58): Illuminate\\Filesystem\\Filesystem->getRequire('C:\\\\Users\\\\ExPLoS...', Array)
#12 C:\\Users\\ExPLoSi0nZ\\Documents\\Binus\\Project_WebProg_LEC\\SeneKuy\\vendor\\laravel\\framework\\src\\Illuminate\\View\\Engines\\CompilerEngine.php(61): Illuminate\\View\\Engines\\PhpEngine->evaluatePath('C:\\\\Users\\\\ExPLoS...', Array)
#13 C:\\Users\\ExPLoSi0nZ\\Documents\\Binus\\Project_WebProg_LEC\\SeneKuy\\vendor\\facade\\ignition\\src\\Views\\Engines\\CompilerEngine.php(37): Illuminate\\View\\Engines\\CompilerEngine->get('C:\\\\Users\\\\ExPLoS...', Array)
#14 C:\\Users\\ExPLoSi0nZ\\Documents\\Binus\\Project_WebProg_LEC\\SeneKuy\\vendor\\laravel\\framework\\src\\Illuminate\\View\\View.php(139): Facade\\Ignition\\Views\\Engines\\CompilerEngine->get('C:\\\\Users\\\\ExPLoS...', Array)
#15 C:\\Users\\ExPLoSi0nZ\\Documents\\Binus\\Project_WebProg_LEC\\SeneKuy\\vendor\\laravel\\framework\\src\\Illuminate\\View\\View.php(122): Illuminate\\View\\View->getContents()
#16 C:\\Users\\ExPLoSi0nZ\\Documents\\Binus\\Project_WebProg_LEC\\SeneKuy\\vendor\\laravel\\framework\\src\\Illuminate\\View\\View.php(91): Illuminate\\View\\View->renderContents()
#17 C:\\Users\\ExPLoSi0nZ\\Documents\\Binus\\Project_WebProg_LEC\\SeneKuy\\vendor\\laravel\\framework\\src\\Illuminate\\Http\\Response.php(69): Illuminate\\View\\View->render()
#18 C:\\Users\\ExPLoSi0nZ\\Documents\\Binus\\Project_WebProg_LEC\\SeneKuy\\vendor\\laravel\\framework\\src\\Illuminate\\Http\\Response.php(35): Illuminate\\Http\\Response->setContent(Object(Illuminate\\View\\View))
#19 C:\\Users\\ExPLoSi0nZ\\Documents\\Binus\\Project_WebProg_LEC\\SeneKuy\\vendor\\laravel\\framework\\src\\Illuminate\\Routing\\Router.php(794): Illuminate\\Http\\Response->__construct(Object(Illuminate\\View\\View), 200, Array)
#20 C:\\Users\\ExPLoSi0nZ\\Documents\\Binus\\Project_WebProg_LEC\\SeneKuy\\vendor\\laravel\\framework\\src\\Illuminate\\Routing\\Router.php(763): Illuminate\\Routing\\Router::toResponse(Object(Illuminate\\Http\\Request), Object(Illuminate\\View\\View))
#21 C:\\Users\\ExPLoSi0nZ\\Documents\\Binus\\Project_WebProg_LEC\\SeneKuy\\vendor\\laravel\\framework\\src\\Illuminate\\Routing\\Router.php(695): Illuminate\\Routing\\Router->prepareResponse(Object(Illuminate\\Http\\Request), Object(Illuminate\\View\\View))
#22 C:\\Users\\ExPLoSi0nZ\\Documents\\Binus\\Project_WebProg_LEC\\SeneKuy\\vendor\\laravel\\framework\\src\\Illuminate\\Pipeline\\Pipeline.php(128): Illuminate\\Routing\\Router->Illuminate\\Routing\\{closure}(Object(Illuminate\\Http\\Request))
#23 C:\\Users\\ExPLoSi0nZ\\Documents\\Binus\\Project_WebProg_LEC\\SeneKuy\\vendor\\laravel\\framework\\src\\Illuminate\\Routing\\Middleware\\SubstituteBindings.php(50): Illuminate\\Pipeline\\Pipeline->Illuminate\\Pipeline\\{closure}(Object(Illuminate\\Http\\Request))
#24 C:\\Users\\ExPLoSi0nZ\\Documents\\Binus\\Project_WebProg_LEC\\SeneKuy\\vendor\\laravel\\framework\\src\\Illuminate\\Pipeline\\Pipeline.php(167): Illuminate\\Routing\\Middleware\\SubstituteBindings->handle(Object(Illuminate\\Http\\Request), Object(Closure))
#25 C:\\Users\\ExPLoSi0nZ\\Documents\\Binus\\Project_WebProg_LEC\\SeneKuy\\vendor\\laravel\\framework\\src\\Illuminate\\Foundation\\Http\\Middleware\\VerifyCsrfToken.php(78): Illuminate\\Pipeline\\Pipeline->Illuminate\\Pipeline\\{closure}(Object(Illuminate\\Http\\Request))
#26 C:\\Users\\ExPLoSi0nZ\\Documents\\Binus\\Project_WebProg_LEC\\SeneKuy\\vendor\\laravel\\framework\\src\\Illuminate\\Pipeline\\Pipeline.php(167): Illuminate\\Foundation\\Http\\Middleware\\VerifyCsrfToken->handle(Object(Illuminate\\Http\\Request), Object(Closure))
#27 C:\\Users\\ExPLoSi0nZ\\Documents\\Binus\\Project_WebProg_LEC\\SeneKuy\\vendor\\laravel\\framework\\src\\Illuminate\\View\\Middleware\\ShareErrorsFromSession.php(49): Illuminate\\Pipeline\\Pipeline->Illuminate\\Pipeline\\{closure}(Object(Illuminate\\Http\\Request))
#28 C:\\Users\\ExPLoSi0nZ\\Documents\\Binus\\Project_WebProg_LEC\\SeneKuy\\vendor\\laravel\\framework\\src\\Illuminate\\Pipeline\\Pipeline.php(167): Illuminate\\View\\Middleware\\ShareErrorsFromSession->handle(Object(Illuminate\\Http\\Request), Object(Closure))
#29 C:\\Users\\ExPLoSi0nZ\\Documents\\Binus\\Project_WebProg_LEC\\SeneKuy\\vendor\\laravel\\framework\\src\\Illuminate\\Session\\Middleware\\StartSession.php(121): Illuminate\\Pipeline\\Pipeline->Illuminate\\Pipeline\\{closure}(Object(Illuminate\\Http\\Request))
#30 C:\\Users\\ExPLoSi0nZ\\Documents\\Binus\\Project_WebProg_LEC\\SeneKuy\\vendor\\laravel\\framework\\src\\Illuminate\\Session\\Middleware\\StartSession.php(64): Illuminate\\Session\\Middleware\\StartSession->handleStatefulRequest(Object(Illuminate\\Http\\Request), Object(Illuminate\\Session\\Store), Object(Closure))
#31 C:\\Users\\ExPLoSi0nZ\\Documents\\Binus\\Project_WebProg_LEC\\SeneKuy\\vendor\\laravel\\framework\\src\\Illuminate\\Pipeline\\Pipeline.php(167): Illuminate\\Session\\Middleware\\StartSession->handle(Object(Illuminate\\Http\\Request), Object(Closure))
#32 C:\\Users\\ExPLoSi0nZ\\Documents\\Binus\\Project_WebProg_LEC\\SeneKuy\\vendor\\laravel\\framework\\src\\Illuminate\\Cookie\\Middleware\\AddQueuedCookiesToResponse.php(37): Illuminate\\Pipeline\\Pipeline->Illuminate\\Pipeline\\{closure}(Object(Illuminate\\Http\\Request))
#33 C:\\Users\\ExPLoSi0nZ\\Documents\\Binus\\Project_WebProg_LEC\\SeneKuy\\vendor\\laravel\\framework\\src\\Illuminate\\Pipeline\\Pipeline.php(167): Illuminate\\Cookie\\Middleware\\AddQueuedCookiesToResponse->handle(Object(Illuminate\\Http\\Request), Object(Closure))
#34 C:\\Users\\ExPLoSi0nZ\\Documents\\Binus\\Project_WebProg_LEC\\SeneKuy\\vendor\\laravel\\framework\\src\\Illuminate\\Cookie\\Middleware\\EncryptCookies.php(67): Illuminate\\Pipeline\\Pipeline->Illuminate\\Pipeline\\{closure}(Object(Illuminate\\Http\\Request))
#35 C:\\Users\\ExPLoSi0nZ\\Documents\\Binus\\Project_WebProg_LEC\\SeneKuy\\vendor\\laravel\\framework\\src\\Illuminate\\Pipeline\\Pipeline.php(167): Illuminate\\Cookie\\Middleware\\EncryptCookies->handle(Object(Illuminate\\Http\\Request), Object(Closure))
#36 C:\\Users\\ExPLoSi0nZ\\Documents\\Binus\\Project_WebProg_LEC\\SeneKuy\\vendor\\laravel\\framework\\src\\Illuminate\\Pipeline\\Pipeline.php(103): Illuminate\\Pipeline\\Pipeline->Illuminate\\Pipeline\\{closure}(Object(Illuminate\\Http\\Request))
#37 C:\\Users\\ExPLoSi0nZ\\Documents\\Binus\\Project_WebProg_LEC\\SeneKuy\\vendor\\laravel\\framework\\src\\Illuminate\\Routing\\Router.php(697): Illuminate\\Pipeline\\Pipeline->then(Object(Closure))
#38 C:\\Users\\ExPLoSi0nZ\\Documents\\Binus\\Project_WebProg_LEC\\SeneKuy\\vendor\\laravel\\framework\\src\\Illuminate\\Routing\\Router.php(672): Illuminate\\Routing\\Router->runRouteWithinStack(Object(Illuminate\\Routing\\Route), Object(Illuminate\\Http\\Request))
#39 C:\\Users\\ExPLoSi0nZ\\Documents\\Binus\\Project_WebProg_LEC\\SeneKuy\\vendor\\laravel\\framework\\src\\Illuminate\\Routing\\Router.php(636): Illuminate\\Routing\\Router->runRoute(Object(Illuminate\\Http\\Request), Object(Illuminate\\Routing\\Route))
#40 C:\\Users\\ExPLoSi0nZ\\Documents\\Binus\\Project_WebProg_LEC\\SeneKuy\\vendor\\laravel\\framework\\src\\Illuminate\\Routing\\Router.php(625): Illuminate\\Routing\\Router->dispatchToRoute(Object(Illuminate\\Http\\Request))
#41 C:\\Users\\ExPLoSi0nZ\\Documents\\Binus\\Project_WebProg_LEC\\SeneKuy\\vendor\\laravel\\framework\\src\\Illuminate\\Foundation\\Http\\Kernel.php(167): Illuminate\\Routing\\Router->dispatch(Object(Illuminate\\Http\\Request))
#42 C:\\Users\\ExPLoSi0nZ\\Documents\\Binus\\Project_WebProg_LEC\\SeneKuy\\vendor\\laravel\\framework\\src\\Illuminate\\Pipeline\\Pipeline.php(128): Illuminate\\Foundation\\Http\\Kernel->Illuminate\\Foundation\\Http\\{closure}(Object(Illuminate\\Http\\Request))
#43 C:\\Users\\ExPLoSi0nZ\\Documents\\Binus\\Project_WebProg_LEC\\SeneKuy\\vendor\\laravel\\framework\\src\\Illuminate\\Foundation\\Http\\Middleware\\TransformsRequest.php(21): Illuminate\\Pipeline\\Pipeline->Illuminate\\Pipeline\\{closure}(Object(Illuminate\\Http\\Request))
#44 C:\\Users\\ExPLoSi0nZ\\Documents\\Binus\\Project_WebProg_LEC\\SeneKuy\\vendor\\laravel\\framework\\src\\Illuminate\\Foundation\\Http\\Middleware\\ConvertEmptyStringsToNull.php(31): Illuminate\\Foundation\\Http\\Middleware\\TransformsRequest->handle(Object(Illuminate\\Http\\Request), Object(Closure))
#45 C:\\Users\\ExPLoSi0nZ\\Documents\\Binus\\Project_WebProg_LEC\\SeneKuy\\vendor\\laravel\\framework\\src\\Illuminate\\Pipeline\\Pipeline.php(167): Illuminate\\Foundation\\Http\\Middleware\\ConvertEmptyStringsToNull->handle(Object(Illuminate\\Http\\Request), Object(Closure))
#46 C:\\Users\\ExPLoSi0nZ\\Documents\\Binus\\Project_WebProg_LEC\\SeneKuy\\vendor\\laravel\\framework\\src\\Illuminate\\Foundation\\Http\\Middleware\\TransformsRequest.php(21): Illuminate\\Pipeline\\Pipeline->Illuminate\\Pipeline\\{closure}(Object(Illuminate\\Http\\Request))
#47 C:\\Users\\ExPLoSi0nZ\\Documents\\Binus\\Project_WebProg_LEC\\SeneKuy\\vendor\\laravel\\framework\\src\\Illuminate\\Foundation\\Http\\Middleware\\TrimStrings.php(40): Illuminate\\Foundation\\Http\\Middleware\\TransformsRequest->handle(Object(Illuminate\\Http\\Request), Object(Closure))
#48 C:\\Users\\ExPLoSi0nZ\\Documents\\Binus\\Project_WebProg_LEC\\SeneKuy\\vendor\\laravel\\framework\\src\\Illuminate\\Pipeline\\Pipeline.php(167): Illuminate\\Foundation\\Http\\Middleware\\TrimStrings->handle(Object(Illuminate\\Http\\Request), Object(Closure))
#49 C:\\Users\\ExPLoSi0nZ\\Documents\\Binus\\Project_WebProg_LEC\\SeneKuy\\vendor\\laravel\\framework\\src\\Illuminate\\Foundation\\Http\\Middleware\\ValidatePostSize.php(27): Illuminate\\Pipeline\\Pipeline->Illuminate\\Pipeline\\{closure}(Object(Illuminate\\Http\\Request))
#50 C:\\Users\\ExPLoSi0nZ\\Documents\\Binus\\Project_WebProg_LEC\\SeneKuy\\vendor\\laravel\\framework\\src\\Illuminate\\Pipeline\\Pipeline.php(167): Illuminate\\Foundation\\Http\\Middleware\\ValidatePostSize->handle(Object(Illuminate\\Http\\Request), Object(Closure))
#51 C:\\Users\\ExPLoSi0nZ\\Documents\\Binus\\Project_WebProg_LEC\\SeneKuy\\vendor\\laravel\\framework\\src\\Illuminate\\Foundation\\Http\\Middleware\\PreventRequestsDuringMaintenance.php(86): Illuminate\\Pipeline\\Pipeline->Illuminate\\Pipeline\\{closure}(Object(Illuminate\\Http\\Request))
#52 C:\\Users\\ExPLoSi0nZ\\Documents\\Binus\\Project_WebProg_LEC\\SeneKuy\\vendor\\laravel\\framework\\src\\Illuminate\\Pipeline\\Pipeline.php(167): Illuminate\\Foundation\\Http\\Middleware\\PreventRequestsDuringMaintenance->handle(Object(Illuminate\\Http\\Request), Object(Closure))
#53 C:\\Users\\ExPLoSi0nZ\\Documents\\Binus\\Project_WebProg_LEC\\SeneKuy\\vendor\\fruitcake\\laravel-cors\\src\\HandleCors.php(38): Illuminate\\Pipeline\\Pipeline->Illuminate\\Pipeline\\{closure}(Object(Illuminate\\Http\\Request))
#54 C:\\Users\\ExPLoSi0nZ\\Documents\\Binus\\Project_WebProg_LEC\\SeneKuy\\vendor\\laravel\\framework\\src\\Illuminate\\Pipeline\\Pipeline.php(167): Fruitcake\\Cors\\HandleCors->handle(Object(Illuminate\\Http\\Request), Object(Closure))
#55 C:\\Users\\ExPLoSi0nZ\\Documents\\Binus\\Project_WebProg_LEC\\SeneKuy\\vendor\\laravel\\framework\\src\\Illuminate\\Http\\Middleware\\TrustProxies.php(39): Illuminate\\Pipeline\\Pipeline->Illuminate\\Pipeline\\{closure}(Object(Illuminate\\Http\\Request))
#56 C:\\Users\\ExPLoSi0nZ\\Documents\\Binus\\Project_WebProg_LEC\\SeneKuy\\vendor\\laravel\\framework\\src\\Illuminate\\Pipeline\\Pipeline.php(167): Illuminate\\Http\\Middleware\\TrustProxies->handle(Object(Illuminate\\Http\\Request), Object(Closure))
#57 C:\\Users\\ExPLoSi0nZ\\Documents\\Binus\\Project_WebProg_LEC\\SeneKuy\\vendor\\laravel\\framework\\src\\Illuminate\\Pipeline\\Pipeline.php(103): Illuminate\\Pipeline\\Pipeline->Illuminate\\Pipeline\\{closure}(Object(Illuminate\\Http\\Request))
#58 C:\\Users\\ExPLoSi0nZ\\Documents\\Binus\\Project_WebProg_LEC\\SeneKuy\\vendor\\laravel\\framework\\src\\Illuminate\\Foundation\\Http\\Kernel.php(142): Illuminate\\Pipeline\\Pipeline->then(Object(Closure))
#59 C:\\Users\\ExPLoSi0nZ\\Documents\\Binus\\Project_WebProg_LEC\\SeneKuy\\vendor\\laravel\\framework\\src\\Illuminate\\Foundation\\Http\\Kernel.php(111): Illuminate\\Foundation\\Http\\Kernel->sendRequestThroughRouter(Object(Illuminate\\Http\\Request))
#60 C:\\Users\\ExPLoSi0nZ\\Documents\\Binus\\Project_WebProg_LEC\\SeneKuy\\public\\index.php(52): Illuminate\\Foundation\\Http\\Kernel->handle(Object(Illuminate\\Http\\Request))
#61 C:\\Users\\ExPLoSi0nZ\\Documents\\Binus\\Project_WebProg_LEC\\SeneKuy\\server.php(21): require_once('C:\\\\Users\\\\ExPLoS...')
#62 {main}

[previous exception] [object] (Error(code: 0): Undefined constant \"asset\" at C:\\Users\\ExPLoSi0nZ\\Documents\\Binus\\Project_WebProg_LEC\\SeneKuy\\storage\\framework\\views\\ffe1f057eec213bc24d204cc3d9d779d1bba851b.php:10)
[stacktrace]
#0 C:\\Users\\ExPLoSi0nZ\\Documents\\Binus\\Project_WebProg_LEC\\SeneKuy\\vendor\\laravel\\framework\\src\\Illuminate\\Filesystem\\Filesystem.php(107): require()
#1 C:\\Users\\ExPLoSi0nZ\\Documents\\Binus\\Project_WebProg_LEC\\SeneKuy\\vendor\\laravel\\framework\\src\\Illuminate\\Filesystem\\Filesystem.php(108): Illuminate\\Filesystem\\Filesystem::Illuminate\\Filesystem\\{closure}()
#2 C:\\Users\\ExPLoSi0nZ\\Documents\\Binus\\Project_WebProg_LEC\\SeneKuy\\vendor\\laravel\\framework\\src\\Illuminate\\View\\Engines\\PhpEngine.php(58): Illuminate\\Filesystem\\Filesystem->getRequire('C:\\\\Users\\\\ExPLoS...', Array)
#3 C:\\Users\\ExPLoSi0nZ\\Documents\\Binus\\Project_WebProg_LEC\\SeneKuy\\vendor\\laravel\\framework\\src\\Illuminate\\View\\Engines\\CompilerEngine.php(61): Illuminate\\View\\Engines\\PhpEngine->evaluatePath('C:\\\\Users\\\\ExPLoS...', Array)
#4 C:\\Users\\ExPLoSi0nZ\\Documents\\Binus\\Project_WebProg_LEC\\SeneKuy\\vendor\\facade\\ignition\\src\\Views\\Engines\\CompilerEngine.php(37): Illuminate\\View\\Engines\\CompilerEngine->get('C:\\\\Users\\\\ExPLoS...', Array)
#5 C:\\Users\\ExPLoSi0nZ\\Documents\\Binus\\Project_WebProg_LEC\\SeneKuy\\vendor\\laravel\\framework\\src\\Illuminate\\View\\View.php(139): Facade\\Ignition\\Views\\Engines\\CompilerEngine->get('C:\\\\Users\\\\ExPLoS...', Array)
#6 C:\\Users\\ExPLoSi0nZ\\Documents\\Binus\\Project_WebProg_LEC\\SeneKuy\\vendor\\laravel\\framework\\src\\Illuminate\\View\\View.php(122): Illuminate\\View\\View->getContents()
#7 C:\\Users\\ExPLoSi0nZ\\Documents\\Binus\\Project_WebProg_LEC\\SeneKuy\\vendor\\laravel\\framework\\src\\Illuminate\\View\\View.php(91): Illuminate\\View\\View->renderContents()
#8 C:\\Users\\ExPLoSi0nZ\\Documents\\Binus\\Project_WebProg_LEC\\SeneKuy\\storage\\framework\\views\\6e54f67772d96c8633ed73092d92b43d9ae20c16.php(40): Illuminate\\View\\View->render()
#9 C:\\Users\\ExPLoSi0nZ\\Documents\\Binus\\Project_WebProg_LEC\\SeneKuy\\vendor\\laravel\\framework\\src\\Illuminate\\Filesystem\\Filesystem.php(107): require('C:\\\\Users\\\\ExPLoS...')
#10 C:\\Users\\ExPLoSi0nZ\\Documents\\Binus\\Project_WebProg_LEC\\SeneKuy\\vendor\\laravel\\framework\\src\\Illuminate\\Filesystem\\Filesystem.php(108): Illuminate\\Filesystem\\Filesystem::Illuminate\\Filesystem\\{closure}()
#11 C:\\Users\\ExPLoSi0nZ\\Documents\\Binus\\Project_WebProg_LEC\\SeneKuy\\vendor\\laravel\\framework\\src\\Illuminate\\View\\Engines\\PhpEngine.php(58): Illuminate\\Filesystem\\Filesystem->getRequire('C:\\\\Users\\\\ExPLoS...', Array)
#12 C:\\Users\\ExPLoSi0nZ\\Documents\\Binus\\Project_WebProg_LEC\\SeneKuy\\vendor\\laravel\\framework\\src\\Illuminate\\View\\Engines\\CompilerEngine.php(61): Illuminate\\View\\Engines\\PhpEngine->evaluatePath('C:\\\\Users\\\\ExPLoS...', Array)
#13 C:\\Users\\ExPLoSi0nZ\\Documents\\Binus\\Project_WebProg_LEC\\SeneKuy\\vendor\\facade\\ignition\\src\\Views\\Engines\\CompilerEngine.php(37): Illuminate\\View\\Engines\\CompilerEngine->get('C:\\\\Users\\\\ExPLoS...', Array)
#14 C:\\Users\\ExPLoSi0nZ\\Documents\\Binus\\Project_WebProg_LEC\\SeneKuy\\vendor\\laravel\\framework\\src\\Illuminate\\View\\View.php(139): Facade\\Ignition\\Views\\Engines\\CompilerEngine->get('C:\\\\Users\\\\ExPLoS...', Array)
#15 C:\\Users\\ExPLoSi0nZ\\Documents\\Binus\\Project_WebProg_LEC\\SeneKuy\\vendor\\laravel\\framework\\src\\Illuminate\\View\\View.php(122): Illuminate\\View\\View->getContents()
#16 C:\\Users\\ExPLoSi0nZ\\Documents\\Binus\\Project_WebProg_LEC\\SeneKuy\\vendor\\laravel\\framework\\src\\Illuminate\\View\\View.php(91): Illuminate\\View\\View->renderContents()
#17 C:\\Users\\ExPLoSi0nZ\\Documents\\Binus\\Project_WebProg_LEC\\SeneKuy\\vendor\\laravel\\framework\\src\\Illuminate\\Http\\Response.php(69): Illuminate\\View\\View->render()
#18 C:\\Users\\ExPLoSi0nZ\\Documents\\Binus\\Project_WebProg_LEC\\SeneKuy\\vendor\\laravel\\framework\\src\\Illuminate\\Http\\Response.php(35): Illuminate\\Http\\Response->setContent(Object(Illuminate\\View\\View))
#19 C:\\Users\\ExPLoSi0nZ\\Documents\\Binus\\Project_WebProg_LEC\\SeneKuy\\vendor\\laravel\\framework\\src\\Illuminate\\Routing\\Router.php(794): Illuminate\\Http\\Response->__construct(Object(Illuminate\\View\\View), 200, Array)
#20 C:\\Users\\ExPLoSi0nZ\\Documents\\Binus\\Project_WebProg_LEC\\SeneKuy\\vendor\\laravel\\framework\\src\\Illuminate\\Routing\\Router.php(763): Illuminate\\Routing\\Router::toResponse(Object(Illuminate\\Http\\Request), Object(Illuminate\\View\\View))
#21 C:\\Users\\ExPLoSi0nZ\\Documents\\Binus\\Project_WebProg_LEC\\SeneKuy\\vendor\\laravel\\framework\\src\\Illuminate\\Routing\\Router.php(695): Illuminate\\Routing\\Router->prepareResponse(Object(Illuminate\\Http\\Request), Object(Illuminate\\View\\View))
#22 C:\\Users\\ExPLoSi0nZ\\Documents\\Binus\\Project_WebProg_LEC\\SeneKuy\\vendor\\laravel\\framework\\src\\Illuminate\\Pipeline\\Pipeline.php(128): Illuminate\\Routing\\Router->Illuminate\\Routing\\{closure}(Object(Illuminate\\Http\\Request))
#23 C:\\Users\\ExPLoSi0nZ\\Documents\\Binus\\Project_WebProg_LEC\\SeneKuy\\vendor\\laravel\\framework\\src\\Illuminate\\Routing\\Middleware\\SubstituteBindings.php(50): Illuminate\\Pipeline\\Pipeline->Illuminate\\Pipeline\\{closure}(Object(Illuminate\\Http\\Request))
#24 C:\\Users\\ExPLoSi0nZ\\Documents\\Binus\\Project_WebProg_LEC\\SeneKuy\\vendor\\laravel\\framework\\src\\Illuminate\\Pipeline\\Pipeline.php(167): Illuminate\\Routing\\Middleware\\SubstituteBindings->handle(Object(Illuminate\\Http\\Request), Object(Closure))
#25 C:\\Users\\ExPLoSi0nZ\\Documents\\Binus\\Project_WebProg_LEC\\SeneKuy\\vendor\\laravel\\framework\\src\\Illuminate\\Foundation\\Http\\Middleware\\VerifyCsrfToken.php(78): Illuminate\\Pipeline\\Pipeline->Illuminate\\Pipeline\\{closure}(Object(Illuminate\\Http\\Request))
#26 C:\\Users\\ExPLoSi0nZ\\Documents\\Binus\\Project_WebProg_LEC\\SeneKuy\\vendor\\laravel\\framework\\src\\Illuminate\\Pipeline\\Pipeline.php(167): Illuminate\\Foundation\\Http\\Middleware\\VerifyCsrfToken->handle(Object(Illuminate\\Http\\Request), Object(Closure))
#27 C:\\Users\\ExPLoSi0nZ\\Documents\\Binus\\Project_WebProg_LEC\\SeneKuy\\vendor\\laravel\\framework\\src\\Illuminate\\View\\Middleware\\ShareErrorsFromSession.php(49): Illuminate\\Pipeline\\Pipeline->Illuminate\\Pipeline\\{closure}(Object(Illuminate\\Http\\Request))
#28 C:\\Users\\ExPLoSi0nZ\\Documents\\Binus\\Project_WebProg_LEC\\SeneKuy\\vendor\\laravel\\framework\\src\\Illuminate\\Pipeline\\Pipeline.php(167): Illuminate\\View\\Middleware\\ShareErrorsFromSession->handle(Object(Illuminate\\Http\\Request), Object(Closure))
#29 C:\\Users\\ExPLoSi0nZ\\Documents\\Binus\\Project_WebProg_LEC\\SeneKuy\\vendor\\laravel\\framework\\src\\Illuminate\\Session\\Middleware\\StartSession.php(121): Illuminate\\Pipeline\\Pipeline->Illuminate\\Pipeline\\{closure}(Object(Illuminate\\Http\\Request))
#30 C:\\Users\\ExPLoSi0nZ\\Documents\\Binus\\Project_WebProg_LEC\\SeneKuy\\vendor\\laravel\\framework\\src\\Illuminate\\Session\\Middleware\\StartSession.php(64): Illuminate\\Session\\Middleware\\StartSession->handleStatefulRequest(Object(Illuminate\\Http\\Request), Object(Illuminate\\Session\\Store), Object(Closure))
#31 C:\\Users\\ExPLoSi0nZ\\Documents\\Binus\\Project_WebProg_LEC\\SeneKuy\\vendor\\laravel\\framework\\src\\Illuminate\\Pipeline\\Pipeline.php(167): Illuminate\\Session\\Middleware\\StartSession->handle(Object(Illuminate\\Http\\Request), Object(Closure))
#32 C:\\Users\\ExPLoSi0nZ\\Documents\\Binus\\Project_WebProg_LEC\\SeneKuy\\vendor\\laravel\\framework\\src\\Illuminate\\Cookie\\Middleware\\AddQueuedCookiesToResponse.php(37): Illuminate\\Pipeline\\Pipeline->Illuminate\\Pipeline\\{closure}(Object(Illuminate\\Http\\Request))
#33 C:\\Users\\ExPLoSi0nZ\\Documents\\Binus\\Project_WebProg_LEC\\SeneKuy\\vendor\\laravel\\framework\\src\\Illuminate\\Pipeline\\Pipeline.php(167): Illuminate\\Cookie\\Middleware\\AddQueuedCookiesToResponse->handle(Object(Illuminate\\Http\\Request), Object(Closure))
#34 C:\\Users\\ExPLoSi0nZ\\Documents\\Binus\\Project_WebProg_LEC\\SeneKuy\\vendor\\laravel\\framework\\src\\Illuminate\\Cookie\\Middleware\\EncryptCookies.php(67): Illuminate\\Pipeline\\Pipeline->Illuminate\\Pipeline\\{closure}(Object(Illuminate\\Http\\Request))
#35 C:\\Users\\ExPLoSi0nZ\\Documents\\Binus\\Project_WebProg_LEC\\SeneKuy\\vendor\\laravel\\framework\\src\\Illuminate\\Pipeline\\Pipeline.php(167): Illuminate\\Cookie\\Middleware\\EncryptCookies->handle(Object(Illuminate\\Http\\Request), Object(Closure))
#36 C:\\Users\\ExPLoSi0nZ\\Documents\\Binus\\Project_WebProg_LEC\\SeneKuy\\vendor\\laravel\\framework\\src\\Illuminate\\Pipeline\\Pipeline.php(103): Illuminate\\Pipeline\\Pipeline->Illuminate\\Pipeline\\{closure}(Object(Illuminate\\Http\\Request))
#37 C:\\Users\\ExPLoSi0nZ\\Documents\\Binus\\Project_WebProg_LEC\\SeneKuy\\vendor\\laravel\\framework\\src\\Illuminate\\Routing\\Router.php(697): Illuminate\\Pipeline\\Pipeline->then(Object(Closure))
#38 C:\\Users\\ExPLoSi0nZ\\Documents\\Binus\\Project_WebProg_LEC\\SeneKuy\\vendor\\laravel\\framework\\src\\Illuminate\\Routing\\Router.php(672): Illuminate\\Routing\\Router->runRouteWithinStack(Object(Illuminate\\Routing\\Route), Object(Illuminate\\Http\\Request))
#39 C:\\Users\\ExPLoSi0nZ\\Documents\\Binus\\Project_WebProg_LEC\\SeneKuy\\vendor\\laravel\\framework\\src\\Illuminate\\Routing\\Router.php(636): Illuminate\\Routing\\Router->runRoute(Object(Illuminate\\Http\\Request), Object(Illuminate\\Routing\\Route))
#40 C:\\Users\\ExPLoSi0nZ\\Documents\\Binus\\Project_WebProg_LEC\\SeneKuy\\vendor\\laravel\\framework\\src\\Illuminate\\Routing\\Router.php(625): Illuminate\\Routing\\Router->dispatchToRoute(Object(Illuminate\\Http\\Request))
#41 C:\\Users\\ExPLoSi0nZ\\Documents\\Binus\\Project_WebProg_LEC\\SeneKuy\\vendor\\laravel\\framework\\src\\Illuminate\\Foundation\\Http\\Kernel.php(167): Illuminate\\Routing\\Router->dispatch(Object(Illuminate\\Http\\Request))
#42 C:\\Users\\ExPLoSi0nZ\\Documents\\Binus\\Project_WebProg_LEC\\SeneKuy\\vendor\\laravel\\framework\\src\\Illuminate\\Pipeline\\Pipeline.php(128): Illuminate\\Foundation\\Http\\Kernel->Illuminate\\Foundation\\Http\\{closure}(Object(Illuminate\\Http\\Request))
#43 C:\\Users\\ExPLoSi0nZ\\Documents\\Binus\\Project_WebProg_LEC\\SeneKuy\\vendor\\laravel\\framework\\src\\Illuminate\\Foundation\\Http\\Middleware\\TransformsRequest.php(21): Illuminate\\Pipeline\\Pipeline->Illuminate\\Pipeline\\{closure}(Object(Illuminate\\Http\\Request))
#44 C:\\Users\\ExPLoSi0nZ\\Documents\\Binus\\Project_WebProg_LEC\\SeneKuy\\vendor\\laravel\\framework\\src\\Illuminate\\Foundation\\Http\\Middleware\\ConvertEmptyStringsToNull.php(31): Illuminate\\Foundation\\Http\\Middleware\\TransformsRequest->handle(Object(Illuminate\\Http\\Request), Object(Closure))
#45 C:\\Users\\ExPLoSi0nZ\\Documents\\Binus\\Project_WebProg_LEC\\SeneKuy\\vendor\\laravel\\framework\\src\\Illuminate\\Pipeline\\Pipeline.php(167): Illuminate\\Foundation\\Http\\Middleware\\ConvertEmptyStringsToNull->handle(Object(Illuminate\\Http\\Request), Object(Closure))
#46 C:\\Users\\ExPLoSi0nZ\\Documents\\Binus\\Project_WebProg_LEC\\SeneKuy\\vendor\\laravel\\framework\\src\\Illuminate\\Foundation\\Http\\Middleware\\TransformsRequest.php(21): Illuminate\\Pipeline\\Pipeline->Illuminate\\Pipeline\\{closure}(Object(Illuminate\\Http\\Request))
#47 C:\\Users\\ExPLoSi0nZ\\Documents\\Binus\\Project_WebProg_LEC\\SeneKuy\\vendor\\laravel\\framework\\src\\Illuminate\\Foundation\\Http\\Middleware\\TrimStrings.php(40): Illuminate\\Foundation\\Http\\Middleware\\TransformsRequest->handle(Object(Illuminate\\Http\\Request), Object(Closure))
#48 C:\\Users\\ExPLoSi0nZ\\Documents\\Binus\\Project_WebProg_LEC\\SeneKuy\\vendor\\laravel\\framework\\src\\Illuminate\\Pipeline\\Pipeline.php(167): Illuminate\\Foundation\\Http\\Middleware\\TrimStrings->handle(Object(Illuminate\\Http\\Request), Object(Closure))
#49 C:\\Users\\ExPLoSi0nZ\\Documents\\Binus\\Project_WebProg_LEC\\SeneKuy\\vendor\\laravel\\framework\\src\\Illuminate\\Foundation\\Http\\Middleware\\ValidatePostSize.php(27): Illuminate\\Pipeline\\Pipeline->Illuminate\\Pipeline\\{closure}(Object(Illuminate\\Http\\Request))
#50 C:\\Users\\ExPLoSi0nZ\\Documents\\Binus\\Project_WebProg_LEC\\SeneKuy\\vendor\\laravel\\framework\\src\\Illuminate\\Pipeline\\Pipeline.php(167): Illuminate\\Foundation\\Http\\Middleware\\ValidatePostSize->handle(Object(Illuminate\\Http\\Request), Object(Closure))
#51 C:\\Users\\ExPLoSi0nZ\\Documents\\Binus\\Project_WebProg_LEC\\SeneKuy\\vendor\\laravel\\framework\\src\\Illuminate\\Foundation\\Http\\Middleware\\PreventRequestsDuringMaintenance.php(86): Illuminate\\Pipeline\\Pipeline->Illuminate\\Pipeline\\{closure}(Object(Illuminate\\Http\\Request))
#52 C:\\Users\\ExPLoSi0nZ\\Documents\\Binus\\Project_WebProg_LEC\\SeneKuy\\vendor\\laravel\\framework\\src\\Illuminate\\Pipeline\\Pipeline.php(167): Illuminate\\Foundation\\Http\\Middleware\\PreventRequestsDuringMaintenance->handle(Object(Illuminate\\Http\\Request), Object(Closure))
#53 C:\\Users\\ExPLoSi0nZ\\Documents\\Binus\\Project_WebProg_LEC\\SeneKuy\\vendor\\fruitcake\\laravel-cors\\src\\HandleCors.php(38): Illuminate\\Pipeline\\Pipeline->Illuminate\\Pipeline\\{closure}(Object(Illuminate\\Http\\Request))
#54 C:\\Users\\ExPLoSi0nZ\\Documents\\Binus\\Project_WebProg_LEC\\SeneKuy\\vendor\\laravel\\framework\\src\\Illuminate\\Pipeline\\Pipeline.php(167): Fruitcake\\Cors\\HandleCors->handle(Object(Illuminate\\Http\\Request), Object(Closure))
#55 C:\\Users\\ExPLoSi0nZ\\Documents\\Binus\\Project_WebProg_LEC\\SeneKuy\\vendor\\laravel\\framework\\src\\Illuminate\\Http\\Middleware\\TrustProxies.php(39): Illuminate\\Pipeline\\Pipeline->Illuminate\\Pipeline\\{closure}(Object(Illuminate\\Http\\Request))
#56 C:\\Users\\ExPLoSi0nZ\\Documents\\Binus\\Project_WebProg_LEC\\SeneKuy\\vendor\\laravel\\framework\\src\\Illuminate\\Pipeline\\Pipeline.php(167): Illuminate\\Http\\Middleware\\TrustProxies->handle(Object(Illuminate\\Http\\Request), Object(Closure))
#57 C:\\Users\\ExPLoSi0nZ\\Documents\\Binus\\Project_WebProg_LEC\\SeneKuy\\vendor\\laravel\\framework\\src\\Illuminate\\Pipeline\\Pipeline.php(103): Illuminate\\Pipeline\\Pipeline->Illuminate\\Pipeline\\{closure}(Object(Illuminate\\Http\\Request))
#58 C:\\Users\\ExPLoSi0nZ\\Documents\\Binus\\Project_WebProg_LEC\\SeneKuy\\vendor\\laravel\\framework\\src\\Illuminate\\Foundation\\Http\\Kernel.php(142): Illuminate\\Pipeline\\Pipeline->then(Object(Closure))
#59 C:\\Users\\ExPLoSi0nZ\\Documents\\Binus\\Project_WebProg_LEC\\SeneKuy\\vendor\\laravel\\framework\\src\\Illuminate\\Foundation\\Http\\Kernel.php(111): Illuminate\\Foundation\\Http\\Kernel->sendRequestThroughRouter(Object(Illuminate\\Http\\Request))
#60 C:\\Users\\ExPLoSi0nZ\\Documents\\Binus\\Project_WebProg_LEC\\SeneKuy\\public\\index.php(52): Illuminate\\Foundation\\Http\\Kernel->handle(Object(Illuminate\\Http\\Request))
#61 C:\\Users\\ExPLoSi0nZ\\Documents\\Binus\\Project_WebProg_LEC\\SeneKuy\\server.php(21): require_once('C:\\\\Users\\\\ExPLoS...')
#62 {main}
"} 
[2021-12-24 08:18:23] local.ERROR: syntax error, unexpected variable "$table", expecting "function" or "const" {"exception":"[object] (Symfony\\Component\\ErrorHandler\\Error\\FatalError(code: 0): syntax error, unexpected variable \"$table\", expecting \"function\" or \"const\" at C:\\Users\\ExPLoSi0nZ\\Documents\\Binus\\Project_WebProg_LEC\\SeneKuy\\app\\Models\\Category.php:11)
[stacktrace]
#0 {main}
"} 
[2021-12-24 08:18:46] local.ERROR: syntax error, unexpected variable "$table", expecting "function" or "const" {"exception":"[object] (Symfony\\Component\\ErrorHandler\\Error\\FatalError(code: 0): syntax error, unexpected variable \"$table\", expecting \"function\" or \"const\" at C:\\Users\\ExPLoSi0nZ\\Documents\\Binus\\Project_WebProg_LEC\\SeneKuy\\app\\Models\\Category.php:11)
[stacktrace]
#0 {main}
"} 
[2021-12-24 08:18:46] local.ERROR: syntax error, unexpected variable "$table", expecting "function" or "const" {"exception":"[object] (Symfony\\Component\\ErrorHandler\\Error\\FatalError(code: 0): syntax error, unexpected variable \"$table\", expecting \"function\" or \"const\" at C:\\Users\\ExPLoSi0nZ\\Documents\\Binus\\Project_WebProg_LEC\\SeneKuy\\app\\Models\\Category.php:11)
[stacktrace]
#0 {main}
"} 
